[0.159s] DEBUG:colcon:Command line arguments: ['/usr/bin/colcon', 'build']
[0.159s] DEBUG:colcon:Parsed command line arguments: Namespace(ament_cmake_args=None, base_paths=['.'], build_base='build', catkin_cmake_args=None, catkin_skip_building_tests=False, cmake_args=None, cmake_clean_cache=False, cmake_clean_first=False, cmake_force_configure=False, cmake_target=None, cmake_target_skip_unavailable=False, continue_on_error=False, event_handlers=None, executor='parallel', ignore_user_meta=False, install_base='install', log_base=None, log_level=None, main=<bound method BuildVerb.main of <colcon_core.verb.build.BuildVerb object at 0x7f49e18f7fd0>>, merge_install=False, metas=['./colcon.meta'], packages_above=None, packages_above_and_dependencies=None, packages_above_depth=None, packages_end=None, packages_ignore=None, packages_ignore_regex=None, packages_select=None, packages_select_build_failed=False, packages_select_by_dep=None, packages_select_regex=None, packages_select_test_failures=False, packages_skip=None, packages_skip_build_finished=False, packages_skip_by_dep=None, packages_skip_regex=None, packages_skip_test_passed=False, packages_skip_up_to=None, packages_start=None, packages_up_to=None, packages_up_to_regex=None, parallel_workers=16, paths=None, symlink_install=False, test_result_base=None, verb_extension=<colcon_core.verb.build.BuildVerb object at 0x7f49e18f7fd0>, verb_name='build', verb_parser=<colcon_defaults.argument_parser.defaults.DefaultArgumentsDecorator object at 0x7f49e1902358>)
[0.177s] Level 1:colcon.colcon_core.package_discovery:discover_packages(colcon_meta) check parameters
[0.177s] Level 1:colcon.colcon_core.package_discovery:discover_packages(recursive) check parameters
[0.177s] Level 1:colcon.colcon_core.package_discovery:discover_packages(ignore) check parameters
[0.178s] Level 1:colcon.colcon_core.package_discovery:discover_packages(path) check parameters
[0.178s] Level 1:colcon.colcon_core.package_discovery:discover_packages(colcon_meta) discover
[0.178s] Level 1:colcon.colcon_core.package_discovery:discover_packages(recursive) discover
[0.178s] INFO:colcon.colcon_core.package_discovery:Crawling recursively for packages in '/home/gwh/gewenhao/NavDemo/1_LightGuide/1_LightGuide_PC'
[0.178s] Level 1:colcon.colcon_core.package_identification:_identify(.) by extensions ['ignore', 'ignore_ament_install']
[0.178s] Level 1:colcon.colcon_core.package_identification:_identify(.) by extension 'ignore'
[0.178s] Level 1:colcon.colcon_core.package_identification:_identify(.) by extension 'ignore_ament_install'
[0.178s] Level 1:colcon.colcon_core.package_identification:_identify(.) by extensions ['colcon_pkg']
[0.178s] Level 1:colcon.colcon_core.package_identification:_identify(.) by extension 'colcon_pkg'
[0.178s] Level 1:colcon.colcon_core.package_identification:_identify(.) by extensions ['colcon_meta']
[0.178s] Level 1:colcon.colcon_core.package_identification:_identify(.) by extension 'colcon_meta'
[0.178s] Level 1:colcon.colcon_core.package_identification:_identify(.) by extensions ['ros']
[0.178s] Level 1:colcon.colcon_core.package_identification:_identify(.) by extension 'ros'
[0.188s] Level 1:colcon.colcon_core.package_identification:_identify(.) by extensions ['cmake', 'python']
[0.188s] Level 1:colcon.colcon_core.package_identification:_identify(.) by extension 'cmake'
[0.188s] Level 1:colcon.colcon_core.package_identification:_identify(.) by extension 'python'
[0.188s] Level 1:colcon.colcon_core.package_identification:_identify(.) by extensions ['python_setup_py']
[0.188s] Level 1:colcon.colcon_core.package_identification:_identify(.) by extension 'python_setup_py'
[0.188s] Level 1:colcon.colcon_core.package_identification:_identify(__pycache__) by extensions ['ignore', 'ignore_ament_install']
[0.188s] Level 1:colcon.colcon_core.package_identification:_identify(__pycache__) by extension 'ignore'
[0.188s] Level 1:colcon.colcon_core.package_identification:_identify(__pycache__) by extension 'ignore_ament_install'
[0.188s] Level 1:colcon.colcon_core.package_identification:_identify(__pycache__) by extensions ['colcon_pkg']
[0.188s] Level 1:colcon.colcon_core.package_identification:_identify(__pycache__) by extension 'colcon_pkg'
[0.188s] Level 1:colcon.colcon_core.package_identification:_identify(__pycache__) by extensions ['colcon_meta']
[0.189s] Level 1:colcon.colcon_core.package_identification:_identify(__pycache__) by extension 'colcon_meta'
[0.189s] Level 1:colcon.colcon_core.package_identification:_identify(__pycache__) by extensions ['ros']
[0.189s] Level 1:colcon.colcon_core.package_identification:_identify(__pycache__) by extension 'ros'
[0.189s] Level 1:colcon.colcon_core.package_identification:_identify(__pycache__) by extensions ['cmake', 'python']
[0.189s] Level 1:colcon.colcon_core.package_identification:_identify(__pycache__) by extension 'cmake'
[0.189s] Level 1:colcon.colcon_core.package_identification:_identify(__pycache__) by extension 'python'
[0.189s] Level 1:colcon.colcon_core.package_identification:_identify(__pycache__) by extensions ['python_setup_py']
[0.189s] Level 1:colcon.colcon_core.package_identification:_identify(__pycache__) by extension 'python_setup_py'
[0.189s] Level 1:colcon.colcon_core.package_identification:_identify(build) by extensions ['ignore', 'ignore_ament_install']
[0.189s] Level 1:colcon.colcon_core.package_identification:_identify(build) by extension 'ignore'
[0.189s] Level 1:colcon.colcon_core.package_identification:_identify(build) ignored
[0.189s] Level 1:colcon.colcon_core.package_identification:_identify(experiment) by extensions ['ignore', 'ignore_ament_install']
[0.189s] Level 1:colcon.colcon_core.package_identification:_identify(experiment) by extension 'ignore'
[0.189s] Level 1:colcon.colcon_core.package_identification:_identify(experiment) by extension 'ignore_ament_install'
[0.190s] Level 1:colcon.colcon_core.package_identification:_identify(experiment) by extensions ['colcon_pkg']
[0.190s] Level 1:colcon.colcon_core.package_identification:_identify(experiment) by extension 'colcon_pkg'
[0.190s] Level 1:colcon.colcon_core.package_identification:_identify(experiment) by extensions ['colcon_meta']
[0.190s] Level 1:colcon.colcon_core.package_identification:_identify(experiment) by extension 'colcon_meta'
[0.190s] Level 1:colcon.colcon_core.package_identification:_identify(experiment) by extensions ['ros']
[0.190s] Level 1:colcon.colcon_core.package_identification:_identify(experiment) by extension 'ros'
[0.190s] Level 1:colcon.colcon_core.package_identification:_identify(experiment) by extensions ['cmake', 'python']
[0.190s] Level 1:colcon.colcon_core.package_identification:_identify(experiment) by extension 'cmake'
[0.190s] Level 1:colcon.colcon_core.package_identification:_identify(experiment) by extension 'python'
[0.190s] Level 1:colcon.colcon_core.package_identification:_identify(experiment) by extensions ['python_setup_py']
[0.190s] Level 1:colcon.colcon_core.package_identification:_identify(experiment) by extension 'python_setup_py'
[0.190s] Level 1:colcon.colcon_core.package_identification:_identify(experiment/demoUser) by extensions ['ignore', 'ignore_ament_install']
[0.190s] Level 1:colcon.colcon_core.package_identification:_identify(experiment/demoUser) by extension 'ignore'
[0.190s] Level 1:colcon.colcon_core.package_identification:_identify(experiment/demoUser) by extension 'ignore_ament_install'
[0.190s] Level 1:colcon.colcon_core.package_identification:_identify(experiment/demoUser) by extensions ['colcon_pkg']
[0.190s] Level 1:colcon.colcon_core.package_identification:_identify(experiment/demoUser) by extension 'colcon_pkg'
[0.190s] Level 1:colcon.colcon_core.package_identification:_identify(experiment/demoUser) by extensions ['colcon_meta']
[0.190s] Level 1:colcon.colcon_core.package_identification:_identify(experiment/demoUser) by extension 'colcon_meta'
[0.190s] Level 1:colcon.colcon_core.package_identification:_identify(experiment/demoUser) by extensions ['ros']
[0.190s] Level 1:colcon.colcon_core.package_identification:_identify(experiment/demoUser) by extension 'ros'
[0.191s] Level 1:colcon.colcon_core.package_identification:_identify(experiment/demoUser) by extensions ['cmake', 'python']
[0.191s] Level 1:colcon.colcon_core.package_identification:_identify(experiment/demoUser) by extension 'cmake'
[0.191s] Level 1:colcon.colcon_core.package_identification:_identify(experiment/demoUser) by extension 'python'
[0.191s] Level 1:colcon.colcon_core.package_identification:_identify(experiment/demoUser) by extensions ['python_setup_py']
[0.191s] Level 1:colcon.colcon_core.package_identification:_identify(experiment/demoUser) by extension 'python_setup_py'
[0.191s] Level 1:colcon.colcon_core.package_identification:_identify(experiment/demoUser/demo) by extensions ['ignore', 'ignore_ament_install']
[0.191s] Level 1:colcon.colcon_core.package_identification:_identify(experiment/demoUser/demo) by extension 'ignore'
[0.191s] Level 1:colcon.colcon_core.package_identification:_identify(experiment/demoUser/demo) by extension 'ignore_ament_install'
[0.191s] Level 1:colcon.colcon_core.package_identification:_identify(experiment/demoUser/demo) by extensions ['colcon_pkg']
[0.191s] Level 1:colcon.colcon_core.package_identification:_identify(experiment/demoUser/demo) by extension 'colcon_pkg'
[0.191s] Level 1:colcon.colcon_core.package_identification:_identify(experiment/demoUser/demo) by extensions ['colcon_meta']
[0.191s] Level 1:colcon.colcon_core.package_identification:_identify(experiment/demoUser/demo) by extension 'colcon_meta'
[0.191s] Level 1:colcon.colcon_core.package_identification:_identify(experiment/demoUser/demo) by extensions ['ros']
[0.191s] Level 1:colcon.colcon_core.package_identification:_identify(experiment/demoUser/demo) by extension 'ros'
[0.191s] Level 1:colcon.colcon_core.package_identification:_identify(experiment/demoUser/demo) by extensions ['cmake', 'python']
[0.191s] Level 1:colcon.colcon_core.package_identification:_identify(experiment/demoUser/demo) by extension 'cmake'
[0.191s] Level 1:colcon.colcon_core.package_identification:_identify(experiment/demoUser/demo) by extension 'python'
[0.191s] Level 1:colcon.colcon_core.package_identification:_identify(experiment/demoUser/demo) by extensions ['python_setup_py']
[0.191s] Level 1:colcon.colcon_core.package_identification:_identify(experiment/demoUser/demo) by extension 'python_setup_py'
[0.192s] Level 1:colcon.colcon_core.package_identification:_identify(install) by extensions ['ignore', 'ignore_ament_install']
[0.192s] Level 1:colcon.colcon_core.package_identification:_identify(install) by extension 'ignore'
[0.192s] Level 1:colcon.colcon_core.package_identification:_identify(install) ignored
[0.192s] Level 1:colcon.colcon_core.package_identification:_identify(log) by extensions ['ignore', 'ignore_ament_install']
[0.192s] Level 1:colcon.colcon_core.package_identification:_identify(log) by extension 'ignore'
[0.192s] Level 1:colcon.colcon_core.package_identification:_identify(log) ignored
[0.192s] Level 1:colcon.colcon_core.package_identification:_identify(path) by extensions ['ignore', 'ignore_ament_install']
[0.192s] Level 1:colcon.colcon_core.package_identification:_identify(path) by extension 'ignore'
[0.192s] Level 1:colcon.colcon_core.package_identification:_identify(path) by extension 'ignore_ament_install'
[0.192s] Level 1:colcon.colcon_core.package_identification:_identify(path) by extensions ['colcon_pkg']
[0.192s] Level 1:colcon.colcon_core.package_identification:_identify(path) by extension 'colcon_pkg'
[0.192s] Level 1:colcon.colcon_core.package_identification:_identify(path) by extensions ['colcon_meta']
[0.192s] Level 1:colcon.colcon_core.package_identification:_identify(path) by extension 'colcon_meta'
[0.192s] Level 1:colcon.colcon_core.package_identification:_identify(path) by extensions ['ros']
[0.192s] Level 1:colcon.colcon_core.package_identification:_identify(path) by extension 'ros'
[0.192s] Level 1:colcon.colcon_core.package_identification:_identify(path) by extensions ['cmake', 'python']
[0.193s] Level 1:colcon.colcon_core.package_identification:_identify(path) by extension 'cmake'
[0.193s] Level 1:colcon.colcon_core.package_identification:_identify(path) by extension 'python'
[0.193s] Level 1:colcon.colcon_core.package_identification:_identify(path) by extensions ['python_setup_py']
[0.193s] Level 1:colcon.colcon_core.package_identification:_identify(path) by extension 'python_setup_py'
[0.193s] Level 1:colcon.colcon_core.package_identification:_identify(path/path_outline) by extensions ['ignore', 'ignore_ament_install']
[0.193s] Level 1:colcon.colcon_core.package_identification:_identify(path/path_outline) by extension 'ignore'
[0.193s] Level 1:colcon.colcon_core.package_identification:_identify(path/path_outline) by extension 'ignore_ament_install'
[0.193s] Level 1:colcon.colcon_core.package_identification:_identify(path/path_outline) by extensions ['colcon_pkg']
[0.193s] Level 1:colcon.colcon_core.package_identification:_identify(path/path_outline) by extension 'colcon_pkg'
[0.193s] Level 1:colcon.colcon_core.package_identification:_identify(path/path_outline) by extensions ['colcon_meta']
[0.193s] Level 1:colcon.colcon_core.package_identification:_identify(path/path_outline) by extension 'colcon_meta'
[0.193s] Level 1:colcon.colcon_core.package_identification:_identify(path/path_outline) by extensions ['ros']
[0.193s] Level 1:colcon.colcon_core.package_identification:_identify(path/path_outline) by extension 'ros'
[0.193s] Level 1:colcon.colcon_core.package_identification:_identify(path/path_outline) by extensions ['cmake', 'python']
[0.193s] Level 1:colcon.colcon_core.package_identification:_identify(path/path_outline) by extension 'cmake'
[0.193s] Level 1:colcon.colcon_core.package_identification:_identify(path/path_outline) by extension 'python'
[0.193s] Level 1:colcon.colcon_core.package_identification:_identify(path/path_outline) by extensions ['python_setup_py']
[0.193s] Level 1:colcon.colcon_core.package_identification:_identify(path/path_outline) by extension 'python_setup_py'
[0.193s] Level 1:colcon.colcon_core.package_identification:_identify(verbal) by extensions ['ignore', 'ignore_ament_install']
[0.194s] Level 1:colcon.colcon_core.package_identification:_identify(verbal) by extension 'ignore'
[0.194s] Level 1:colcon.colcon_core.package_identification:_identify(verbal) by extension 'ignore_ament_install'
[0.194s] Level 1:colcon.colcon_core.package_identification:_identify(verbal) by extensions ['colcon_pkg']
[0.194s] Level 1:colcon.colcon_core.package_identification:_identify(verbal) by extension 'colcon_pkg'
[0.194s] Level 1:colcon.colcon_core.package_identification:_identify(verbal) by extensions ['colcon_meta']
[0.194s] Level 1:colcon.colcon_core.package_identification:_identify(verbal) by extension 'colcon_meta'
[0.194s] Level 1:colcon.colcon_core.package_identification:_identify(verbal) by extensions ['ros']
[0.194s] Level 1:colcon.colcon_core.package_identification:_identify(verbal) by extension 'ros'
[0.194s] Level 1:colcon.colcon_core.package_identification:_identify(verbal) by extensions ['cmake', 'python']
[0.194s] Level 1:colcon.colcon_core.package_identification:_identify(verbal) by extension 'cmake'
[0.194s] Level 1:colcon.colcon_core.package_identification:_identify(verbal) by extension 'python'
[0.194s] Level 1:colcon.colcon_core.package_identification:_identify(verbal) by extensions ['python_setup_py']
[0.194s] Level 1:colcon.colcon_core.package_identification:_identify(verbal) by extension 'python_setup_py'
[0.194s] Level 1:colcon.colcon_core.package_identification:_identify(verbal/0802) by extensions ['ignore', 'ignore_ament_install']
[0.194s] Level 1:colcon.colcon_core.package_identification:_identify(verbal/0802) by extension 'ignore'
[0.194s] Level 1:colcon.colcon_core.package_identification:_identify(verbal/0802) by extension 'ignore_ament_install'
[0.194s] Level 1:colcon.colcon_core.package_identification:_identify(verbal/0802) by extensions ['colcon_pkg']
[0.194s] Level 1:colcon.colcon_core.package_identification:_identify(verbal/0802) by extension 'colcon_pkg'
[0.194s] Level 1:colcon.colcon_core.package_identification:_identify(verbal/0802) by extensions ['colcon_meta']
[0.194s] Level 1:colcon.colcon_core.package_identification:_identify(verbal/0802) by extension 'colcon_meta'
[0.195s] Level 1:colcon.colcon_core.package_identification:_identify(verbal/0802) by extensions ['ros']
[0.195s] Level 1:colcon.colcon_core.package_identification:_identify(verbal/0802) by extension 'ros'
[0.195s] Level 1:colcon.colcon_core.package_identification:_identify(verbal/0802) by extensions ['cmake', 'python']
[0.195s] Level 1:colcon.colcon_core.package_identification:_identify(verbal/0802) by extension 'cmake'
[0.195s] Level 1:colcon.colcon_core.package_identification:_identify(verbal/0802) by extension 'python'
[0.195s] Level 1:colcon.colcon_core.package_identification:_identify(verbal/0802) by extensions ['python_setup_py']
[0.195s] Level 1:colcon.colcon_core.package_identification:_identify(verbal/0802) by extension 'python_setup_py'
[0.195s] Level 1:colcon.colcon_core.package_identification:_identify(verbal/0804) by extensions ['ignore', 'ignore_ament_install']
[0.195s] Level 1:colcon.colcon_core.package_identification:_identify(verbal/0804) by extension 'ignore'
[0.195s] Level 1:colcon.colcon_core.package_identification:_identify(verbal/0804) by extension 'ignore_ament_install'
[0.195s] Level 1:colcon.colcon_core.package_identification:_identify(verbal/0804) by extensions ['colcon_pkg']
[0.195s] Level 1:colcon.colcon_core.package_identification:_identify(verbal/0804) by extension 'colcon_pkg'
[0.195s] Level 1:colcon.colcon_core.package_identification:_identify(verbal/0804) by extensions ['colcon_meta']
[0.195s] Level 1:colcon.colcon_core.package_identification:_identify(verbal/0804) by extension 'colcon_meta'
[0.195s] Level 1:colcon.colcon_core.package_identification:_identify(verbal/0804) by extensions ['ros']
[0.195s] Level 1:colcon.colcon_core.package_identification:_identify(verbal/0804) by extension 'ros'
[0.195s] Level 1:colcon.colcon_core.package_identification:_identify(verbal/0804) by extensions ['cmake', 'python']
[0.195s] Level 1:colcon.colcon_core.package_identification:_identify(verbal/0804) by extension 'cmake'
[0.195s] Level 1:colcon.colcon_core.package_identification:_identify(verbal/0804) by extension 'python'
[0.196s] Level 1:colcon.colcon_core.package_identification:_identify(verbal/0804) by extensions ['python_setup_py']
[0.196s] Level 1:colcon.colcon_core.package_identification:_identify(verbal/0804) by extension 'python_setup_py'
[0.196s] Level 1:colcon.colcon_core.package_identification:_identify(verbal/history) by extensions ['ignore', 'ignore_ament_install']
[0.196s] Level 1:colcon.colcon_core.package_identification:_identify(verbal/history) by extension 'ignore'
[0.196s] Level 1:colcon.colcon_core.package_identification:_identify(verbal/history) by extension 'ignore_ament_install'
[0.196s] Level 1:colcon.colcon_core.package_identification:_identify(verbal/history) by extensions ['colcon_pkg']
[0.196s] Level 1:colcon.colcon_core.package_identification:_identify(verbal/history) by extension 'colcon_pkg'
[0.196s] Level 1:colcon.colcon_core.package_identification:_identify(verbal/history) by extensions ['colcon_meta']
[0.196s] Level 1:colcon.colcon_core.package_identification:_identify(verbal/history) by extension 'colcon_meta'
[0.196s] Level 1:colcon.colcon_core.package_identification:_identify(verbal/history) by extensions ['ros']
[0.196s] Level 1:colcon.colcon_core.package_identification:_identify(verbal/history) by extension 'ros'
[0.196s] Level 1:colcon.colcon_core.package_identification:_identify(verbal/history) by extensions ['cmake', 'python']
[0.196s] Level 1:colcon.colcon_core.package_identification:_identify(verbal/history) by extension 'cmake'
[0.196s] Level 1:colcon.colcon_core.package_identification:_identify(verbal/history) by extension 'python'
[0.196s] Level 1:colcon.colcon_core.package_identification:_identify(verbal/history) by extensions ['python_setup_py']
[0.196s] Level 1:colcon.colcon_core.package_identification:_identify(verbal/history) by extension 'python_setup_py'
[0.196s] Level 1:colcon.colcon_core.package_discovery:discover_packages(recursive) using defaults
[0.196s] Level 1:colcon.colcon_core.package_discovery:discover_packages(ignore) discover
[0.197s] Level 1:colcon.colcon_core.package_discovery:discover_packages(ignore) using defaults
[0.197s] Level 1:colcon.colcon_core.package_discovery:discover_packages(path) discover
[0.197s] Level 1:colcon.colcon_core.package_discovery:discover_packages(path) using defaults
[0.199s] INFO:colcon.colcon_core.executor:Executing jobs using 'parallel' executor
[0.201s] DEBUG:colcon.colcon_parallel_executor.executor.parallel:run_until_complete
[0.201s] DEBUG:colcon.colcon_parallel_executor.executor.parallel:closing loop
[0.201s] DEBUG:colcon.colcon_parallel_executor.executor.parallel:loop closed
[0.201s] DEBUG:colcon.colcon_parallel_executor.executor.parallel:run_until_complete finished with '0'
[0.201s] DEBUG:colcon.colcon_core.event_reactor:joining thread
[0.206s] INFO:colcon.colcon_core.plugin_system:Skipping extension 'colcon_notification.desktop_notification.terminal_notifier': Not used on non-Darwin systems
[0.206s] INFO:colcon.colcon_core.plugin_system:Skipping extension 'colcon_notification.desktop_notification.win32': Not used on non-Windows systems
[0.206s] INFO:colcon.colcon_notification.desktop_notification:Sending desktop notification using 'notify2'
[0.208s] DEBUG:colcon.colcon_core.event_reactor:joined thread
[0.211s] INFO:colcon.colcon_core.plugin_system:Skipping extension 'colcon_core.shell.bat': Not used on non-Windows systems
[0.211s] INFO:colcon.colcon_core.shell:Creating prefix script '/home/gwh/gewenhao/NavDemo/1_LightGuide/1_LightGuide_PC/install/local_setup.ps1'
[0.212s] INFO:colcon.colcon_core.shell:Creating prefix util module '/home/gwh/gewenhao/NavDemo/1_LightGuide/1_LightGuide_PC/install/_local_setup_util_ps1.py'
[0.213s] INFO:colcon.colcon_core.shell:Creating prefix chain script '/home/gwh/gewenhao/NavDemo/1_LightGuide/1_LightGuide_PC/install/setup.ps1'
[0.217s] INFO:colcon.colcon_core.shell:Creating prefix script '/home/gwh/gewenhao/NavDemo/1_LightGuide/1_LightGuide_PC/install/local_setup.sh'
[0.218s] INFO:colcon.colcon_core.shell:Creating prefix util module '/home/gwh/gewenhao/NavDemo/1_LightGuide/1_LightGuide_PC/install/_local_setup_util_sh.py'
[0.218s] INFO:colcon.colcon_core.shell:Creating prefix chain script '/home/gwh/gewenhao/NavDemo/1_LightGuide/1_LightGuide_PC/install/setup.sh'
[0.221s] INFO:colcon.colcon_core.shell:Creating prefix script '/home/gwh/gewenhao/NavDemo/1_LightGuide/1_LightGuide_PC/install/local_setup.bash'
[0.222s] INFO:colcon.colcon_core.shell:Creating prefix chain script '/home/gwh/gewenhao/NavDemo/1_LightGuide/1_LightGuide_PC/install/setup.bash'
[0.225s] INFO:colcon.colcon_core.shell:Creating prefix script '/home/gwh/gewenhao/NavDemo/1_LightGuide/1_LightGuide_PC/install/local_setup.zsh'
[0.225s] INFO:colcon.colcon_core.shell:Creating prefix chain script '/home/gwh/gewenhao/NavDemo/1_LightGuide/1_LightGuide_PC/install/setup.zsh'
